[TIME]:2015-11-26 10:13:32ERROR:E:/WEBPROJECT/PHP/myPHP/MyPHP/Extends/Tool/Route.class.php类未找到 
[TIME]:2015-11-26 10:32:24ERROR:IndexController控制器中的welcome方法未找到呢~~~ 
[TIME]:2015-11-26 10:32:25ERROR:IndexController控制器中的welcome方法未找到呢~~~ 
[TIME]:2015-11-26 10:32:25ERROR:IndexController控制器中的welcome方法未找到呢~~~ 
[TIME]:2015-11-26 10:32:25ERROR:IndexController控制器中的welcome方法未找到呢~~~ 
[TIME]:2015-11-26 10:32:26ERROR:IndexController控制器中的welcome方法未找到呢~~~ 
[TIME]:2015-11-26 10:32:26ERROR:IndexController控制器中的welcome方法未找到呢~~~ 
[TIME]:2015-11-26 10:32:26ERROR:IndexController控制器中的welcome方法未找到呢~~~ 
[TIME]:2015-11-26 10:32:27ERROR:IndexController控制器中的welcome方法未找到呢~~~ 
[TIME]:2015-11-26 10:32:27ERROR:IndexController控制器中的welcome方法未找到呢~~~ 
[TIME]:2015-11-26 10:32:27ERROR:IndexController控制器中的welcome方法未找到呢~~~ 
[TIME]:2015-11-26 10:32:28ERROR:IndexController控制器中的welcome方法未找到呢~~~ 
[TIME]:2015-11-26 10:32:28ERROR:IndexController控制器中的welcome方法未找到呢~~~ 
[TIME]:2015-11-26 10:32:28ERROR:IndexController控制器中的welcome方法未找到呢~~~ 
[TIME]:2015-11-26 10:32:29ERROR:IndexController控制器中的welcome方法未找到呢~~~ 
[TIME]:2015-11-26 10:32:29ERROR:IndexController控制器中的welcome方法未找到呢~~~ 
[TIME]:2015-11-26 10:32:29ERROR:IndexController控制器中的welcome方法未找到呢~~~ 
[TIME]:2015-11-26 10:32:30ERROR:IndexController控制器中的welcome方法未找到呢~~~ 
[TIME]:2015-11-26 10:32:30ERROR:IndexController控制器中的welcome方法未找到呢~~~ 
[TIME]:2015-11-26 10:32:30ERROR:IndexController控制器中的welcome方法未找到呢~~~ 
[TIME]:2015-11-26 10:32:31ERROR:IndexController控制器中的welcome方法未找到呢~~~ 
[TIME]:2015-11-26 10:32:31ERROR:IndexController控制器中的welcome方法未找到呢~~~ 
[TIME]:2015-11-26 10:32:31ERROR:IndexController控制器中的welcome方法未找到呢~~~ 
[TIME]:2015-11-26 10:32:32ERROR:IndexController控制器中的welcome方法未找到呢~~~ 
[TIME]:2015-11-26 10:32:32ERROR:IndexController控制器中的welcome方法未找到呢~~~ 
[TIME]:2015-11-26 10:32:32ERROR:IndexController控制器中的welcome方法未找到呢~~~ 
[TIME]:2015-11-26 10:32:33ERROR:IndexController控制器中的welcome方法未找到呢~~~ 
[TIME]:2015-11-26 10:32:33ERROR:IndexController控制器中的welcome方法未找到呢~~~ 
[TIME]:2015-11-26 10:32:33ERROR:IndexController控制器中的welcome方法未找到呢~~~ 
[TIME]:2015-11-26 10:32:34ERROR:IndexController控制器中的welcome方法未找到呢~~~ 
[TIME]:2015-11-26 10:32:34ERROR:IndexController控制器中的welcome方法未找到呢~~~ 
[TIME]:2015-11-26 10:32:34ERROR:IndexController控制器中的welcome方法未找到呢~~~ 
[TIME]:2015-11-26 10:32:35ERROR:IndexController控制器中的welcome方法未找到呢~~~ 
[TIME]:2015-11-26 10:32:35ERROR:IndexController控制器中的welcome方法未找到呢~~~ 
[TIME]:2015-11-26 10:32:35ERROR:IndexController控制器中的welcome方法未找到呢~~~ 
[TIME]:2015-11-26 10:32:35ERROR:IndexController控制器中的welcome方法未找到呢~~~ 
[TIME]:2015-11-26 10:32:36ERROR:IndexController控制器中的welcome方法未找到呢~~~ 
[TIME]:2015-11-26 10:32:36ERROR:IndexController控制器中的welcome方法未找到呢~~~ 
[TIME]:2015-11-26 10:32:36ERROR:IndexController控制器中的welcome方法未找到呢~~~ 
[TIME]:2015-11-26 10:32:37ERROR:IndexController控制器中的welcome方法未找到呢~~~ 
[TIME]:2015-11-26 10:32:37ERROR:IndexController控制器中的welcome方法未找到呢~~~ 
[TIME]:2015-11-26 10:32:37ERROR:IndexController控制器中的welcome方法未找到呢~~~ 
[TIME]:2015-11-26 10:32:38ERROR:IndexController控制器中的welcome方法未找到呢~~~ 
[TIME]:2015-11-26 10:32:38ERROR:IndexController控制器中的welcome方法未找到呢~~~ 
[TIME]:2015-11-26 10:32:38ERROR:IndexController控制器中的welcome方法未找到呢~~~ 
[TIME]:2015-11-26 10:32:39ERROR:IndexController控制器中的welcome方法未找到呢~~~ 
[TIME]:2015-11-26 10:32:39ERROR:IndexController控制器中的welcome方法未找到呢~~~ 
[TIME]:2015-11-26 10:32:39ERROR:IndexController控制器中的welcome方法未找到呢~~~ 
[TIME]:2015-11-26 10:32:40ERROR:IndexController控制器中的welcome方法未找到呢~~~ 
[TIME]:2015-11-26 10:32:40ERROR:IndexController控制器中的welcome方法未找到呢~~~ 
[TIME]:2015-11-26 10:32:40ERROR:IndexController控制器中的welcome方法未找到呢~~~ 
[TIME]:2015-11-26 10:32:41ERROR:IndexController控制器中的welcome方法未找到呢~~~ 
[TIME]:2015-11-26 10:32:41ERROR:IndexController控制器中的welcome方法未找到呢~~~ 
[TIME]:2015-11-26 10:32:41ERROR:IndexController控制器中的welcome方法未找到呢~~~ 
[TIME]:2015-11-26 10:32:42ERROR:IndexController控制器中的welcome方法未找到呢~~~ 
[TIME]:2015-11-26 10:32:42ERROR:IndexController控制器中的welcome方法未找到呢~~~ 
[TIME]:2015-11-26 10:32:42ERROR:IndexController控制器中的welcome方法未找到呢~~~ 
[TIME]:2015-11-26 10:32:43ERROR:IndexController控制器中的welcome方法未找到呢~~~ 
[TIME]:2015-11-26 10:32:43ERROR:IndexController控制器中的welcome方法未找到呢~~~ 
[TIME]:2015-11-26 10:32:43ERROR:IndexController控制器中的welcome方法未找到呢~~~ 
[TIME]:2015-11-26 10:32:44ERROR:IndexController控制器中的welcome方法未找到呢~~~ 
[TIME]:2015-11-26 10:32:44ERROR:IndexController控制器中的welcome方法未找到呢~~~ 
[TIME]:2015-11-26 10:32:44ERROR:IndexController控制器中的welcome方法未找到呢~~~ 
[TIME]:2015-11-26 10:32:45ERROR:IndexController控制器中的welcome方法未找到呢~~~ 
[TIME]:2015-11-26 10:32:45ERROR:IndexController控制器中的welcome方法未找到呢~~~ 
[TIME]:2015-11-26 10:32:45ERROR:IndexController控制器中的welcome方法未找到呢~~~ 
[TIME]:2015-11-26 10:32:46ERROR:IndexController控制器中的welcome方法未找到呢~~~ 
[TIME]:2015-11-26 10:32:46ERROR:IndexController控制器中的welcome方法未找到呢~~~ 
[TIME]:2015-11-26 10:32:46ERROR:IndexController控制器中的welcome方法未找到呢~~~ 
[TIME]:2015-11-26 10:32:47ERROR:IndexController控制器中的welcome方法未找到呢~~~ 
[TIME]:2015-11-26 10:32:47ERROR:IndexController控制器中的welcome方法未找到呢~~~ 
[TIME]:2015-11-26 10:32:47ERROR:IndexController控制器中的welcome方法未找到呢~~~ 
[TIME]:2015-11-26 10:32:48ERROR:IndexController控制器中的welcome方法未找到呢~~~ 
[TIME]:2015-11-26 10:32:48ERROR:IndexController控制器中的welcome方法未找到呢~~~ 
[TIME]:2015-11-26 10:32:48ERROR:IndexController控制器中的welcome方法未找到呢~~~ 
[TIME]:2015-11-26 10:32:49ERROR:IndexController控制器中的welcome方法未找到呢~~~ 
[TIME]:2015-11-26 10:32:49ERROR:IndexController控制器中的welcome方法未找到呢~~~ 
[TIME]:2015-11-26 10:32:49ERROR:IndexController控制器中的welcome方法未找到呢~~~ 
[TIME]:2015-11-26 10:32:50ERROR:IndexController控制器中的welcome方法未找到呢~~~ 
[TIME]:2015-11-26 10:38:46ERROR:E:/WEBPROJECT/PHP/myPHP/MyPHP/Extends/Tool/Route.class.php类未找到 
[TIME]:2015-11-26 10:56:45ERROR:E:/WEBPROJECT/PHP/myPHP/MyPHP/Extends/Tool/Route.class.php类未找到 
[TIME]:2015-11-26 11:03:22ERROR:Call to undefined method Model::count()E:\WEBPROJECT\PHP\myPHP\Admin\Controller\AdminUserController.class.php{第10行} 
[TIME]:2015-11-26 11:20:47ERROR:Smarty error: [in E:/WEBPROJECT/PHP/myPHP/Admin/Tpl/AdminUser/index.html line 29]: syntax error: expecting '=' after attribute name 'from' (Smarty_Compiler.class.php, line 1558)E:\WEBPROJECT\PHP\myPHP\MyPHP\Extends\Org\Smarty\Smarty.class.php{第1093行} 
[TIME]:2015-11-26 11:20:49ERROR:Smarty error: [in E:/WEBPROJECT/PHP/myPHP/Admin/Tpl/AdminUser/index.html line 29]: syntax error: expecting '=' after attribute name 'from' (Smarty_Compiler.class.php, line 1558)E:\WEBPROJECT\PHP\myPHP\MyPHP\Extends\Org\Smarty\Smarty.class.php{第1093行} 
[TIME]:2015-11-26 11:21:41ERROR:Smarty error: [in E:/WEBPROJECT/PHP/myPHP/Admin/Tpl/AdminUser/index.html line 29]: syntax error: expecting '=' after attribute name 'from' (Smarty_Compiler.class.php, line 1558)E:\WEBPROJECT\PHP\myPHP\MyPHP\Extends\Org\Smarty\Smarty.class.php{第1093行} 
[TIME]:2015-11-26 11:23:01ERROR:Smarty error: [in E:/WEBPROJECT/PHP/myPHP/Admin/Tpl/AdminUser/index.html line 29]: syntax error: foreach: 'item' must be a variable name (literal string) (Smarty_Compiler.class.php, line 1174)E:\WEBPROJECT\PHP\myPHP\MyPHP\Extends\Org\Smarty\Smarty.class.php{第1093行} 
[TIME]:2015-11-26 11:23:17ERROR:Smarty error: [in E:/WEBPROJECT/PHP/myPHP/Admin/Tpl/AdminUser/index.html line 56]: syntax error: unclosed tag \{foreach} (opened line 29). (Smarty_Compiler.class.php, line 317)E:\WEBPROJECT\PHP\myPHP\MyPHP\Extends\Org\Smarty\Smarty.class.php{第1093行} 
[TIME]:2015-11-26 11:26:28ERROR:Smarty error: [in E:/WEBPROJECT/PHP/myPHP/Admin/Tpl/AdminUser/index.html line 43]: syntax error: mismatched tag {/foreach}. expected {/if} (opened line 33). (Smarty_Compiler.class.php, line 2338)E:\WEBPROJECT\PHP\myPHP\MyPHP\Extends\Org\Smarty\Smarty.class.php{第1093行} 
[TIME]:2015-11-26 11:26:32ERROR:Smarty error: [in E:/WEBPROJECT/PHP/myPHP/Admin/Tpl/AdminUser/index.html line 43]: syntax error: mismatched tag {/foreach}. expected {/if} (opened line 33). (Smarty_Compiler.class.php, line 2338)E:\WEBPROJECT\PHP\myPHP\MyPHP\Extends\Org\Smarty\Smarty.class.php{第1093行} 
[TIME]:2015-11-26 11:26:46ERROR:Smarty error: [in E:/WEBPROJECT/PHP/myPHP/Admin/Tpl/AdminUser/index.html line 33]: syntax error: 'if' statement requires arguments (Smarty_Compiler.class.php, line 1270)E:\WEBPROJECT\PHP\myPHP\MyPHP\Extends\Org\Smarty\Smarty.class.php{第1093行} 
[TIME]:2015-11-26 11:26:49ERROR:Smarty error: [in E:/WEBPROJECT/PHP/myPHP/Admin/Tpl/AdminUser/index.html line 33]: syntax error: 'if' statement requires arguments (Smarty_Compiler.class.php, line 1270)E:\WEBPROJECT\PHP\myPHP\MyPHP\Extends\Org\Smarty\Smarty.class.php{第1093行} 
[TIME]:2015-11-26 11:29:01ERROR:Smarty error: [in E:/WEBPROJECT/PHP/myPHP/Admin/Tpl/AdminUser/index.html line 34]: syntax error: unrecognized tag: $r.admin_creattime|date_format'%Y-%m-%d' (Smarty_Compiler.class.php, line 446)E:\WEBPROJECT\PHP\myPHP\MyPHP\Extends\Org\Smarty\Smarty.class.php{第1093行} 
[TIME]:2015-11-26 11:33:12ERROR:Cannot use object of type Page as arrayE:\WEBPROJECT\PHP\myPHP\Temp\Admin\Complie\%%26^26C^26C3C489%%index.html.php{第60行} 
[TIME]:2015-11-26 11:46:25ERROR:E:/WEBPROJECT/PHP/myPHP/Admin/Controller/AdminUserControllerController.class.php控制器未找到 
[TIME]:2015-11-26 11:49:54ERROR:Call to undefined method PageMy::show()E:\WEBPROJECT\PHP\myPHP\Admin\Controller\AdminUserController.class.php{第18行} 
[TIME]:2015-11-26 11:51:19ERROR:syntax error, unexpected 'prublic' (T_STRING), expecting function (T_FUNCTION)E:\WEBPROJECT\PHP\myPHP\MyPHP\Extends\Tool\PageMy.class.php{第23行} 
